  main.cpp
c:\users\марина\desktop\polymers_with_cnt2\polymers_with_cnt\main.cpp(92): warning C4244: аргумент: преобразование "double" в "int", возможна потеря данных
c:\users\марина\desktop\polymers_with_cnt2\polymers_with_cnt\main.cpp(93): warning C4244: аргумент: преобразование "double" в "int", возможна потеря данных
c:\users\марина\desktop\polymers_with_cnt2\polymers_with_cnt\main.cpp(95): warning C4244: аргумент: преобразование "double" в "int", возможна потеря данных
c:\users\марина\desktop\polymers_with_cnt2\polymers_with_cnt\main.cpp(96): warning C4244: аргумент: преобразование "double" в "int", возможна потеря данных
c:\users\марина\desktop\polymers_with_cnt2\polymers_with_cnt\main.cpp(98): warning C4244: аргумент: преобразование "double" в "int", возможна потеря данных
c:\users\марина\desktop\polymers_with_cnt2\polymers_with_cnt\main.cpp(99): warning C4244: аргумент: преобразование "double" в "int", возможна потеря данных
c:\users\марина\desktop\polymers_with_cnt2\polymers_with_cnt\main.cpp(101): warning C4244: аргумент: преобразование "double" в "int", возможна потеря данных
c:\users\марина\desktop\polymers_with_cnt2\polymers_with_cnt\main.cpp(102): warning C4244: аргумент: преобразование "double" в "int", возможна потеря данных
c:\users\марина\desktop\polymers_with_cnt2\polymers_with_cnt\main.cpp(87): warning C4101: rect: неиспользованная локальная переменная
c:\users\марина\desktop\polymers_with_cnt2\polymers_with_cnt\main.cpp(148): warning C4244: аргумент: преобразование "double" в "int", возможна потеря данных
c:\users\марина\desktop\polymers_with_cnt2\polymers_with_cnt\main.cpp(149): warning C4244: аргумент: преобразование "double" в "int", возможна потеря данных
c:\users\марина\desktop\polymers_with_cnt2\polymers_with_cnt\main.cpp(156): warning C4244: аргумент: преобразование "double" в "int", возможна потеря данных
c:\users\марина\desktop\polymers_with_cnt2\polymers_with_cnt\main.cpp(158): warning C4244: аргумент: преобразование "double" в "int", возможна потеря данных
c:\users\марина\desktop\polymers_with_cnt2\polymers_with_cnt\main.cpp(167): warning C4244: аргумент: преобразование "double" в "int", возможна потеря данных
c:\users\марина\desktop\polymers_with_cnt2\polymers_with_cnt\main.cpp(168): warning C4244: аргумент: преобразование "double" в "int", возможна потеря данных
c:\users\марина\desktop\polymers_with_cnt2\polymers_with_cnt\main.cpp(327): warning C4267: инициализация: преобразование из "size_t" в "int"; возможна потеря данных
c:\users\марина\desktop\polymers_with_cnt2\polymers_with_cnt\main.cpp(371): warning C4267: инициализация: преобразование из "size_t" в "int"; возможна потеря данных
c:\users\марина\desktop\polymers_with_cnt2\polymers_with_cnt\main.cpp(500): warning C4244: *=: преобразование "double" в "int", возможна потеря данных
c:\users\марина\desktop\polymers_with_cnt2\polymers_with_cnt\main.cpp(531): warning C4244: =: преобразование "double" в "int", возможна потеря данных
c:\users\марина\desktop\polymers_with_cnt2\polymers_with_cnt\main.cpp(533): warning C4244: инициализация: преобразование "double" в "int", возможна потеря данных
  Polymers_with_CNT.vcxproj -> C:\Users\Марина\Desktop\polymers_with_cnt2\x64\Debug\Polymers_with_CNT.exe
